[0318/164850.288:ERROR:process_info.cc(359)] UncheckedAllocate
[0318/164850.618:ERROR:process_memory_win.cc(73)] ReadMemory at 0x7ff7d8360000 of 64 bytes failed: Only part of a ReadProcessMemory or WriteProcessMemory request was completed. (0x12B)
[0318/164850.620:WARNING:pe_image_reader.cc(340)] could not read dos header from C:\Program Files (x86)\Google\Chrome\Application\chrome.exe
[0318/164850.620:ERROR:process_memory_win.cc(73)] ReadMemory at 0x7ff8e10e0000 of 64 bytes failed: Only part of a ReadProcessMemory or WriteProcessMemory request was completed. (0x12B)
[0318/164850.620:WARNING:pe_image_reader.cc(340)] could not read dos header from C:\windows\SYSTEM32\ntdll.dll
[0318/164850.620:ERROR:process_memory_win.cc(73)] ReadMemory at 0x7ff8e0490000 of 64 bytes failed: Only part of a ReadProcessMemory or WriteProcessMemory request was completed. (0x12B)
[0318/164850.621:WARNING:pe_image_reader.cc(340)] could not read dos header from C:\windows\System32\KERNEL32.DLL
[0318/164850.621:ERROR:process_memory_win.cc(73)] ReadMemory at 0x7ff8dedc0000 of 64 bytes failed: Only part of a ReadProcessMemory or WriteProcessMemory request was completed. (0x12B)
[0318/164850.621:WARNING:pe_image_reader.cc(340)] could not read dos header from C:\windows\System32\KERNELBASE.dll
[0318/164850.621:ERROR:process_memory_win.cc(73)] ReadMemory at 0x7ff890070000 of 64 bytes failed: Only part of a ReadProcessMemory or WriteProcessMemory request was completed. (0x12B)
[0318/164850.621:WARNING:pe_image_reader.cc(340)] could not read dos header from C:\Program Files (x86)\Google\Chrome\Application\80.0.3987.132\chrome_elf.dll
[0318/164850.621:ERROR:process_memory_win.cc(73)] ReadMemory at 0x7ff8d70a0000 of 64 bytes failed: Only part of a ReadProcessMemory or WriteProcessMemory request was completed. (0x12B)
[0318/164850.621:WARNING:pe_image_reader.cc(340)] could not read dos header from C:\windows\SYSTEM32\VERSION.dll
[0318/164850.621:ERROR:process_memory_win.cc(73)] ReadMemory at 0x7ff8e0ec0000 of 64 bytes failed: Only part of a ReadProcessMemory or WriteProcessMemory request was completed. (0x12B)
[0318/164850.621:WARNING:pe_image_reader.cc(340)] could not read dos header from C:\windows\System32\msvcrt.dll
[0318/164850.621:ERROR:process_memory_win.cc(73)] ReadMemory at 0x7ff8de070000 of 64 bytes failed: Only part of a ReadProcessMemory or WriteProcessMemory request was completed. (0x12B)
[0318/164850.621:WARNING:pe_image_reader.cc(340)] could not read dos header from C:\windows\System32\bcryptPrimitives.dll
[0318/164850.621:ERROR:process_memory_win.cc(73)] ReadMemory at 0x7ff8df1f0000 of 64 bytes failed: Only part of a ReadProcessMemory or WriteProcessMemory request was completed. (0x12B)
[0318/164850.621:WARNING:pe_image_reader.cc(340)] could not read dos header from C:\windows\System32\ADVAPI32.dll
[0318/164850.621:ERROR:process_memory_win.cc(73)] ReadMemory at 0x7ff8e00f0000 of 64 bytes failed: Only part of a ReadProcessMemory or WriteProcessMemory request was completed. (0x12B)
[0318/164850.621:WARNING:pe_image_reader.cc(340)] could not read dos header from C:\windows\System32\sechost.dll
[0318/164850.621:ERROR:process_memory_win.cc(73)] ReadMemory at 0x7ff8df940000 of 64 bytes failed: Only part of a ReadProcessMemory or WriteProcessMemory request was completed. (0x12B)
[0318/164850.621:WARNING:pe_image_reader.cc(340)] could not read dos header from C:\windows\System32\RPCRT4.dll
[0318/164850.621:ERROR:process_memory_win.cc(73)] ReadMemory at 0x7ff875c30000 of 64 bytes failed: Only part of a ReadProcessMemory or WriteProcessMemory request was completed. (0x12B)
[0318/164850.621:WARNING:pe_image_reader.cc(340)] could not read dos header from C:\Program Files (x86)\Google\Chrome\Application\80.0.3987.132\chrome.dll
[0318/164850.621:ERROR:process_memory_win.cc(73)] ReadMemory at 0x7ff8df7d0000 of 64 bytes failed: Only part of a ReadProcessMemory or WriteProcessMemory request was completed. (0x12B)
[0318/164850.621:WARNING:pe_image_reader.cc(340)] could not read dos header from C:\windows\System32\WS2_32.dll
[0318/164850.621:ERROR:process_memory_win.cc(73)] ReadMemory at 0x7ff8df390000 of 64 bytes failed: Only part of a ReadProcessMemory or WriteProcessMemory request was completed. (0x12B)
[0318/164850.621:WARNING:pe_image_reader.cc(340)] could not read dos header from C:\windows\System32\OLEAUT32.dll
[0318/164850.621:ERROR:process_memory_win.cc(73)] ReadMemory at 0x7ff8deb70000 of 64 bytes failed: Only part of a ReadProcessMemory or WriteProcessMemory request was completed. (0x12B)
[0318/164850.621:WARNING:pe_image_reader.cc(340)] could not read dos header from C:\windows\System32\msvcp_win.dll
[0318/164850.621:ERROR:process_memory_win.cc(73)] ReadMemory at 0x7ff8de0f0000 of 64 bytes failed: Only part of a ReadProcessMemory or WriteProcessMemory request was completed. (0x12B)
[0318/164850.621:WARNING:pe_image_reader.cc(340)] could not read dos header from C:\windows\System32\ucrtbase.dll
[0318/164850.621:ERROR:process_memory_win.cc(73)] ReadMemory at 0x7ff8df460000 of 64 bytes failed: Only part of a ReadProcessMemory or WriteProcessMemory request was completed. (0x12B)
[0318/164850.621:WARNING:pe_image_reader.cc(340)] could not read dos header from C:\windows\System32\combase.dll
[0318/164850.621:ERROR:process_memory_win.cc(73)] ReadMemory at 0x7ff8ded60000 of 64 bytes failed: Only part of a ReadProcessMemory or WriteProcessMemory request was completed. (0x12B)
[0318/164850.621:WARNING:pe_image_reader.cc(340)] could not read dos header from C:\windows\System32\WINTRUST.dll
[0318/164850.621:ERROR:process_memory_win.cc(73)] ReadMemory at 0x7ff8de050000 of 64 bytes failed: Only part of a ReadProcessMemory or WriteProcessMemory request was completed. (0x12B)
[0318/164850.621:WARNING:pe_image_reader.cc(340)] could not read dos header from C:\windows\System32\MSASN1.dll
[0318/164850.621:ERROR:process_memory_win.cc(73)] ReadMemory at 0x7ff8dec10000 of 64 bytes failed: Only part of a ReadProcessMemory or WriteProcessMemory request was completed. (0x12B)
[0318/164850.621:WARNING:pe_image_reader.cc(340)] could not read dos header from C:\windows\System32\CRYPT32.dll
[0318/164850.622:ERROR:process_memory_win.cc(73)] ReadMemory at 0x7ff8dd4d0000 of 64 bytes failed: Only part of a ReadProcessMemory or WriteProcessMemory request was completed. (0x12B)
[0318/164850.622:WARNING:pe_image_reader.cc(340)] could not read dos header from C:\windows\SYSTEM32\IPHLPAPI.DLL
[0318/164850.622:ERROR:process_memory_win.cc(73)] ReadMemory at 0x7ff8dbf10000 of 64 bytes failed: Only part of a ReadProcessMemory or WriteProcessMemory request was completed. (0x12B)
[0318/164850.622:WARNING:pe_image_reader.cc(340)] could not read dos header from C:\windows\SYSTEM32\WINMM.dll
[0318/164850.622:ERROR:process_memory_win.cc(73)] ReadMemory at 0x7ff8c6d60000 of 64 bytes failed: Only part of a ReadProcessMemory or WriteProcessMemory request was completed. (0x12B)
[0318/164850.622:WARNING:pe_image_reader.cc(340)] could not read dos header from C:\windows\SYSTEM32\Secur32.dll
[0318/164850.622:ERROR:process_memory_win.cc(73)] ReadMemory at 0x7ff8dded0000 of 64 bytes failed: Only part of a ReadProcessMemory or WriteProcessMemory request was completed. (0x12B)
[0318/164850.622:WARNING:pe_image_reader.cc(340)] could not read dos header from C:\windows\SYSTEM32\USERENV.dll
[0318/164850.622:ERROR:process_memory_win.cc(73)] ReadMemory at 0x7ff8ddfc0000 of 64 bytes failed: Only part of a ReadProcessMemory or WriteProcessMemory request was completed. (0x12B)
[0318/164850.622:WARNING:pe_image_reader.cc(340)] could not read dos header from C:\windows\System32\profapi.dll
[0318/164850.622:ERROR:process_memory_win.cc(73)] ReadMemory at 0x7ff8b49b0000 of 64 bytes failed: Only part of a ReadProcessMemory or WriteProcessMemory request was completed. (0x12B)
[0318/164850.622:WARNING:pe_image_reader.cc(340)] could not read dos header from C:\windows\SYSTEM32\UIAutomationCore.DLL
[0318/164850.622:ERROR:process_memory_win.cc(73)] ReadMemory at 0x7ff8bf1a0000 of 64 bytes failed: Only part of a ReadProcessMemory or WriteProcessMemory request was completed. (0x12B)
[0318/164850.622:WARNING:pe_image_reader.cc(340)] could not read dos header from C:\windows\SYSTEM32\DWrite.dll
[0318/164850.622:ERROR:process_memory_win.cc(73)] ReadMemory at 0x7ff8bade0000 of 64 bytes failed: Only part of a ReadProcessMemory or WriteProcessMemory request was completed. (0x12B)
[0318/164850.622:WARNING:pe_image_reader.cc(340)] could not read dos header from C:\windows\SYSTEM32\WINSPOOL.DRV
[0318/164850.622:ERROR:process_memory_win.cc(73)] ReadMemory at 0x7ff8ddfe0000 of 64 bytes failed: Only part of a ReadProcessMemory or WriteProcessMemory request was completed. (0x12B)
[0318/164850.622:WARNING:pe_image_reader.cc(340)] could not read dos header from C:\windows\System32\kernel.appcore.dll
[0318/164850.622:ERROR:process_memory_win.cc(73)] ReadMemory at 0x7ff8deb40000 of 64 bytes failed: Only part of a ReadProcessMemory or WriteProcessMemory request was completed. (0x12B)
[0318/164850.622:WARNING:pe_image_reader.cc(340)] could not read dos header from C:\windows\System32\bcrypt.dll
[0318/164850.622:ERROR:process_memory_win.cc(73)] ReadMemory at 0x7ff8dc8d0000 of 64 bytes failed: Only part of a ReadProcessMemory or WriteProcessMemory request was completed. (0x12B)
[0318/164850.622:WARNING:pe_image_reader.cc(340)] could not read dos header from C:\windows\SYSTEM32\dbghelp.dll
[0318/164850.622:ERROR:process_memory_win.cc(73)] ReadMemory at 0x7ff8cc160000 of 64 bytes failed: Only part of a ReadProcessMemory or WriteProcessMemory request was completed. (0x12B)
[0318/164850.622:WARNING:pe_image_reader.cc(340)] could not read dos header from C:\windows\SYSTEM32\WINHTTP.dll
[0318/164850.622:ERROR:process_memory_win.cc(73)] ReadMemory at 0x7ff8d6cd0000 of 64 bytes failed: Only part of a ReadProcessMemory or WriteProcessMemory request was completed. (0x12B)
[0318/164850.622:WARNING:pe_image_reader.cc(340)] could not read dos header from C:\windows\SYSTEM32\dhcpcsvc.DLL
[0318/164850.622:ERROR:process_memory_win.cc(73)] ReadMemory at 0x7ff8e0fe0000 of 64 bytes failed: Only part of a ReadProcessMemory or WriteProcessMemory request was completed. (0x12B)
[0318/164850.622:WARNING:pe_image_reader.cc(340)] could not read dos header from C:\windows\System32\NSI.dll
[0318/164850.622:ERROR:process_memory_win.cc(73)] ReadMemory at 0x7ff8dbd50000 of 64 bytes failed: Only part of a ReadProcessMemory or WriteProcessMemory request was completed. (0x12B)
[0318/164850.622:WARNING:pe_image_reader.cc(340)] could not read dos header from C:\windows\SYSTEM32\WINMMBASE.dll
[0318/164850.622:ERROR:process_memory_win.cc(73)] ReadMemory at 0x7ff8df140000 of 64 bytes failed: Only part of a ReadProcessMemory or WriteProcessMemory request was completed. (0x12B)
[0318/164850.622:WARNING:pe_image_reader.cc(340)] could not read dos header from C:\windows\System32\cfgmgr32.dll
[0318/164850.622:ERROR:process_memory_win.cc(73)] ReadMemory at 0x7ff8da5d0000 of 64 bytes failed: Only part of a ReadProcessMemory or WriteProcessMemory request was completed. (0x12B)
[0318/164850.622:WARNING:pe_image_reader.cc(340)] could not read dos header from C:\windows\SYSTEM32\PROPSYS.dll
[0318/164850.622:ERROR:process_memory_win.cc(73)] ReadMemory at 0x7ff8e0ff0000 of 64 bytes failed: Only part of a ReadProcessMemory or WriteProcessMemory request was completed. (0x12B)
[0318/164850.622:WARNING:pe_image_reader.cc(340)] could not read dos header from C:\windows\System32\shcore.dll
[0318/164850.622:ERROR:process_memory_win.cc(73)] ReadMemory at 0x7ff8ddea0000 of 64 bytes failed: Only part of a ReadProcessMemory or WriteProcessMemory request was completed. (0x12B)
[0318/164850.622:WARNING:pe_image_reader.cc(340)] could not read dos header from C:\windows\SYSTEM32\SSPICLI.DLL
[0318/164850.622:ERROR:process_memory_win.cc(73)] ReadMemory at 0x7ff8dd990000 of 64 bytes failed: Only part of a ReadProcessMemory or WriteProcessMemory request was completed. (0x12B)
[0318/164850.622:WARNING:pe_image_reader.cc(340)] could not read dos header from C:\windows\SYSTEM32\CRYPTBASE.DLL
[0318/164850.622:ERROR:process_memory_win.cc(73)] ReadMemory at 0x7ff7d8360000 of 64 bytes failed: Only part of a ReadProcessMemory or WriteProcessMemory request was completed. (0x12B)
[0318/164850.622:WARNING:pe_image_reader.cc(340)] could not read dos header from C:\Program Files (x86)\Google\Chrome\Application\chrome.exe
[0318/164850.622:ERROR:process_memory_win.cc(73)] ReadMemory at 0x7ff8e10e0000 of 64 bytes failed: Only part of a ReadProcessMemory or WriteProcessMemory request was completed. (0x12B)
[0318/164850.622:WARNING:pe_image_reader.cc(340)] could not read dos header from C:\windows\SYSTEM32\ntdll.dll
[0318/164850.623:ERROR:process_memory_win.cc(73)] ReadMemory at 0x7ff8e0490000 of 64 bytes failed: Only part of a ReadProcessMemory or WriteProcessMemory request was completed. (0x12B)
[0318/164850.623:WARNING:pe_image_reader.cc(340)] could not read dos header from C:\windows\System32\KERNEL32.DLL
[0318/164850.623:ERROR:process_memory_win.cc(73)] ReadMemory at 0x7ff8dedc0000 of 64 bytes failed: Only part of a ReadProcessMemory or WriteProcessMemory request was completed. (0x12B)
[0318/164850.623:WARNING:pe_image_reader.cc(340)] could not read dos header from C:\windows\System32\KERNELBASE.dll
[0318/164850.623:ERROR:process_memory_win.cc(73)] ReadMemory at 0x7ff890070000 of 64 bytes failed: Only part of a ReadProcessMemory or WriteProcessMemory request was completed. (0x12B)
[0318/164850.623:WARNING:pe_image_reader.cc(340)] could not read dos header from C:\Program Files (x86)\Google\Chrome\Application\80.0.3987.132\chrome_elf.dll
[0318/164850.623:ERROR:process_memory_win.cc(73)] ReadMemory at 0x7ff8d70a0000 of 64 bytes failed: Only part of a ReadProcessMemory or WriteProcessMemory request was completed. (0x12B)
[0318/164850.623:WARNING:pe_image_reader.cc(340)] could not read dos header from C:\windows\SYSTEM32\VERSION.dll
[0318/164850.623:ERROR:process_memory_win.cc(73)] ReadMemory at 0x7ff8e0ec0000 of 64 bytes failed: Only part of a ReadProcessMemory or WriteProcessMemory request was completed. (0x12B)
[0318/164850.623:WARNING:pe_image_reader.cc(340)] could not read dos header from C:\windows\System32\msvcrt.dll
[0318/164850.623:ERROR:process_memory_win.cc(73)] ReadMemory at 0x7ff8de070000 of 64 bytes failed: Only part of a ReadProcessMemory or WriteProcessMemory request was completed. (0x12B)
[0318/164850.623:WARNING:pe_image_reader.cc(340)] could not read dos header from C:\windows\System32\bcryptPrimitives.dll
[0318/164850.623:ERROR:process_memory_win.cc(73)] ReadMemory at 0x7ff8df1f0000 of 64 bytes failed: Only part of a ReadProcessMemory or WriteProcessMemory request was completed. (0x12B)
[0318/164850.623:WARNING:pe_image_reader.cc(340)] could not read dos header from C:\windows\System32\ADVAPI32.dll
[0318/164850.623:ERROR:process_memory_win.cc(73)] ReadMemory at 0x7ff8e00f0000 of 64 bytes failed: Only part of a ReadProcessMemory or WriteProcessMemory request was completed. (0x12B)
[0318/164850.623:WARNING:pe_image_reader.cc(340)] could not read dos header from C:\windows\System32\sechost.dll
[0318/164850.623:ERROR:process_memory_win.cc(73)] ReadMemory at 0x7ff8df940000 of 64 bytes failed: Only part of a ReadProcessMemory or WriteProcessMemory request was completed. (0x12B)
[0318/164850.623:WARNING:pe_image_reader.cc(340)] could not read dos header from C:\windows\System32\RPCRT4.dll
[0318/164850.623:ERROR:process_memory_win.cc(73)] ReadMemory at 0x7ff875c30000 of 64 bytes failed: Only part of a ReadProcessMemory or WriteProcessMemory request was completed. (0x12B)
[0318/164850.623:WARNING:pe_image_reader.cc(340)] could not read dos header from C:\Program Files (x86)\Google\Chrome\Application\80.0.3987.132\chrome.dll
[0318/164850.623:ERROR:process_memory_win.cc(73)] ReadMemory at 0x7ff8df7d0000 of 64 bytes failed: Only part of a ReadProcessMemory or WriteProcessMemory request was completed. (0x12B)
[0318/164850.623:WARNING:pe_image_reader.cc(340)] could not read dos header from C:\windows\System32\WS2_32.dll
[0318/164850.623:ERROR:process_memory_win.cc(73)] ReadMemory at 0x7ff8df390000 of 64 bytes failed: Only part of a ReadProcessMemory or WriteProcessMemory request was completed. (0x12B)
[0318/164850.623:WARNING:pe_image_reader.cc(340)] could not read dos header from C:\windows\System32\OLEAUT32.dll
[0318/164850.623:ERROR:process_memory_win.cc(73)] ReadMemory at 0x7ff8deb70000 of 64 bytes failed: Only part of a ReadProcessMemory or WriteProcessMemory request was completed. (0x12B)
[0318/164850.623:WARNING:pe_image_reader.cc(340)] could not read dos header from C:\windows\System32\msvcp_win.dll
[0318/164850.624:ERROR:process_memory_win.cc(73)] ReadMemory at 0x7ff8de0f0000 of 64 bytes failed: Only part of a ReadProcessMemory or WriteProcessMemory request was completed. (0x12B)
[0318/164850.624:WARNING:pe_image_reader.cc(340)] could not read dos header from C:\windows\System32\ucrtbase.dll
[0318/164850.624:ERROR:process_memory_win.cc(73)] ReadMemory at 0x7ff8df460000 of 64 bytes failed: Only part of a ReadProcessMemory or WriteProcessMemory request was completed. (0x12B)
[0318/164850.624:WARNING:pe_image_reader.cc(340)] could not read dos header from C:\windows\System32\combase.dll
[0318/164850.624:ERROR:process_memory_win.cc(73)] ReadMemory at 0x7ff8ded60000 of 64 bytes failed: Only part of a ReadProcessMemory or WriteProcessMemory request was completed. (0x12B)
[0318/164850.624:WARNING:pe_image_reader.cc(340)] could not read dos header from C:\windows\System32\WINTRUST.dll
[0318/164850.624:ERROR:process_memory_win.cc(73)] ReadMemory at 0x7ff8de050000 of 64 bytes failed: Only part of a ReadProcessMemory or WriteProcessMemory request was completed. (0x12B)
[0318/164850.624:WARNING:pe_image_reader.cc(340)] could not read dos header from C:\windows\System32\MSASN1.dll
[0318/164850.624:ERROR:process_memory_win.cc(73)] ReadMemory at 0x7ff8dec10000 of 64 bytes failed: Only part of a ReadProcessMemory or WriteProcessMemory request was completed. (0x12B)
[0318/164850.624:WARNING:pe_image_reader.cc(340)] could not read dos header from C:\windows\System32\CRYPT32.dll
[0318/164850.624:ERROR:process_memory_win.cc(73)] ReadMemory at 0x7ff8dd4d0000 of 64 bytes failed: Only part of a ReadProcessMemory or WriteProcessMemory request was completed. (0x12B)
[0318/164850.624:WARNING:pe_image_reader.cc(340)] could not read dos header from C:\windows\SYSTEM32\IPHLPAPI.DLL
[0318/164850.624:ERROR:process_memory_win.cc(73)] ReadMemory at 0x7ff8dbf10000 of 64 bytes failed: Only part of a ReadProcessMemory or WriteProcessMemory request was completed. (0x12B)
[0318/164850.624:WARNING:pe_image_reader.cc(340)] could not read dos header from C:\windows\SYSTEM32\WINMM.dll
[0318/164850.624:ERROR:process_memory_win.cc(73)] ReadMemory at 0x7ff8c6d60000 of 64 bytes failed: Only part of a ReadProcessMemory or WriteProcessMemory request was completed. (0x12B)
[0318/164850.624:WARNING:pe_image_reader.cc(340)] could not read dos header from C:\windows\SYSTEM32\Secur32.dll
[0318/164850.624:ERROR:process_memory_win.cc(73)] ReadMemory at 0x7ff8dded0000 of 64 bytes failed: Only part of a ReadProcessMemory or WriteProcessMemory request was completed. (0x12B)
[0318/164850.624:WARNING:pe_image_reader.cc(340)] could not read dos header from C:\windows\SYSTEM32\USERENV.dll
[0318/164850.624:ERROR:process_memory_win.cc(73)] ReadMemory at 0x7ff8ddfc0000 of 64 bytes failed: Only part of a ReadProcessMemory or WriteProcessMemory request was completed. (0x12B)
[0318/164850.624:WARNING:pe_image_reader.cc(340)] could not read dos header from C:\windows\System32\profapi.dll
[0318/164850.624:ERROR:process_memory_win.cc(73)] ReadMemory at 0x7ff8b49b0000 of 64 bytes failed: Only part of a ReadProcessMemory or WriteProcessMemory request was completed. (0x12B)
[0318/164850.624:WARNING:pe_image_reader.cc(340)] could not read dos header from C:\windows\SYSTEM32\UIAutomationCore.DLL
[0318/164850.624:ERROR:process_memory_win.cc(73)] ReadMemory at 0x7ff8bf1a0000 of 64 bytes failed: Only part of a ReadProcessMemory or WriteProcessMemory request was completed. (0x12B)
[0318/164850.624:WARNING:pe_image_reader.cc(340)] could not read dos header from C:\windows\SYSTEM32\DWrite.dll
[0318/164850.624:ERROR:process_memory_win.cc(73)] ReadMemory at 0x7ff8bade0000 of 64 bytes failed: Only part of a ReadProcessMemory or WriteProcessMemory request was completed. (0x12B)
[0318/164850.624:WARNING:pe_image_reader.cc(340)] could not read dos header from C:\windows\SYSTEM32\WINSPOOL.DRV
[0318/164850.624:ERROR:process_memory_win.cc(73)] ReadMemory at 0x7ff8ddfe0000 of 64 bytes failed: Only part of a ReadProcessMemory or WriteProcessMemory request was completed. (0x12B)
[0318/164850.624:WARNING:pe_image_reader.cc(340)] could not read dos header from C:\windows\System32\kernel.appcore.dll
[0318/164850.624:ERROR:process_memory_win.cc(73)] ReadMemory at 0x7ff8deb40000 of 64 bytes failed: Only part of a ReadProcessMemory or WriteProcessMemory request was completed. (0x12B)
[0318/164850.624:WARNING:pe_image_reader.cc(340)] could not read dos header from C:\windows\System32\bcrypt.dll
[0318/164850.624:ERROR:process_memory_win.cc(73)] ReadMemory at 0x7ff8dc8d0000 of 64 bytes failed: Only part of a ReadProcessMemory or WriteProcessMemory request was completed. (0x12B)
[0318/164850.624:WARNING:pe_image_reader.cc(340)] could not read dos header from C:\windows\SYSTEM32\dbghelp.dll
[0318/164850.624:ERROR:process_memory_win.cc(73)] ReadMemory at 0x7ff8cc160000 of 64 bytes failed: Only part of a ReadProcessMemory or WriteProcessMemory request was completed. (0x12B)
[0318/164850.624:WARNING:pe_image_reader.cc(340)] could not read dos header from C:\windows\SYSTEM32\WINHTTP.dll
[0318/164850.624:ERROR:process_memory_win.cc(73)] ReadMemory at 0x7ff8d6cd0000 of 64 bytes failed: Only part of a ReadProcessMemory or WriteProcessMemory request was completed. (0x12B)
[0318/164850.624:WARNING:pe_image_reader.cc(340)] could not read dos header from C:\windows\SYSTEM32\dhcpcsvc.DLL
[0318/164850.624:ERROR:process_memory_win.cc(73)] ReadMemory at 0x7ff8e0fe0000 of 64 bytes failed: Only part of a ReadProcessMemory or WriteProcessMemory request was completed. (0x12B)
[0318/164850.624:WARNING:pe_image_reader.cc(340)] could not read dos header from C:\windows\System32\NSI.dll
[0318/164850.624:ERROR:process_memory_win.cc(73)] ReadMemory at 0x7ff8dbd50000 of 64 bytes failed: Only part of a ReadProcessMemory or WriteProcessMemory request was completed. (0x12B)
[0318/164850.625:WARNING:pe_image_reader.cc(340)] could not read dos header from C:\windows\SYSTEM32\WINMMBASE.dll
[0318/164850.625:ERROR:process_memory_win.cc(73)] ReadMemory at 0x7ff8df140000 of 64 bytes failed: Only part of a ReadProcessMemory or WriteProcessMemory request was completed. (0x12B)
[0318/164850.625:WARNING:pe_image_reader.cc(340)] could not read dos header from C:\windows\System32\cfgmgr32.dll
[0318/164850.625:ERROR:process_memory_win.cc(73)] ReadMemory at 0x7ff8da5d0000 of 64 bytes failed: Only part of a ReadProcessMemory or WriteProcessMemory request was completed. (0x12B)
[0318/164850.625:WARNING:pe_image_reader.cc(340)] could not read dos header from C:\windows\SYSTEM32\PROPSYS.dll
[0318/164850.625:ERROR:process_memory_win.cc(73)] ReadMemory at 0x7ff8e0ff0000 of 64 bytes failed: Only part of a ReadProcessMemory or WriteProcessMemory request was completed. (0x12B)
[0318/164850.625:WARNING:pe_image_reader.cc(340)] could not read dos header from C:\windows\System32\shcore.dll
[0318/164850.625:ERROR:process_memory_win.cc(73)] ReadMemory at 0x7ff8ddea0000 of 64 bytes failed: Only part of a ReadProcessMemory or WriteProcessMemory request was completed. (0x12B)
[0318/164850.625:WARNING:pe_image_reader.cc(340)] could not read dos header from C:\windows\SYSTEM32\SSPICLI.DLL
[0318/164850.625:ERROR:process_memory_win.cc(73)] ReadMemory at 0x7ff8dd990000 of 64 bytes failed: Only part of a ReadProcessMemory or WriteProcessMemory request was completed. (0x12B)
[0318/164850.625:WARNING:pe_image_reader.cc(340)] could not read dos header from C:\windows\SYSTEM32\CRYPTBASE.DLL
[0318/164850.672:ERROR:process_memory_win.cc(73)] ReadMemory at 0x1ef63f9000 of 28672 bytes failed: Only part of a ReadProcessMemory or WriteProcessMemory request was completed. (0x12B)
[0318/164850.672:ERROR:process_memory_win.cc(73)] ReadMemory at 0x1ef6bfd000 of 12288 bytes failed: Only part of a ReadProcessMemory or WriteProcessMemory request was completed. (0x12B)
[0318/164850.672:ERROR:process_memory_win.cc(73)] ReadMemory at 0x1ef73fd000 of 12288 bytes failed: Only part of a ReadProcessMemory or WriteProcessMemory request was completed. (0x12B)
[0318/164850.672:ERROR:process_memory_win.cc(73)] ReadMemory at 0x1ef7bfc000 of 16384 bytes failed: Only part of a ReadProcessMemory or WriteProcessMemory request was completed. (0x12B)
[0318/164850.673:ERROR:process_memory_win.cc(73)] ReadMemory at 0x1ef83fc000 of 16384 bytes failed: Only part of a ReadProcessMemory or WriteProcessMemory request was completed. (0x12B)
[0318/164850.673:ERROR:process_memory_win.cc(73)] ReadMemory at 0x1ef8bff000 of 4096 bytes failed: Only part of a ReadProcessMemory or WriteProcessMemory request was completed. (0x12B)
[0318/164850.673:ERROR:process_memory_win.cc(73)] ReadMemory at 0x1ef93fd000 of 12288 bytes failed: Only part of a ReadProcessMemory or WriteProcessMemory request was completed. (0x12B)
[0318/164850.673:ERROR:process_memory_win.cc(73)] ReadMemory at 0x1ef9bfc000 of 16384 bytes failed: Only part of a ReadProcessMemory or WriteProcessMemory request was completed. (0x12B)
[0318/164850.673:ERROR:process_memory_win.cc(73)] ReadMemory at 0x1efa3fd000 of 12288 bytes failed: Only part of a ReadProcessMemory or WriteProcessMemory request was completed. (0x12B)
[0318/164850.673:ERROR:process_memory_win.cc(73)] ReadMemory at 0x1efabfd000 of 12288 bytes failed: Only part of a ReadProcessMemory or WriteProcessMemory request was completed. (0x12B)
[0318/164850.673:ERROR:process_memory_win.cc(73)] ReadMemory at 0x1efb3fd000 of 12288 bytes failed: Only part of a ReadProcessMemory or WriteProcessMemory request was completed. (0x12B)
[0318/164850.673:ERROR:process_memory_win.cc(73)] ReadMemory at 0x1efbbfd000 of 12288 bytes failed: Only part of a ReadProcessMemory or WriteProcessMemory request was completed. (0x12B)
[0318/164850.673:ERROR:process_memory_win.cc(73)] ReadMemory at 0x1efc3fd000 of 12288 bytes failed: Only part of a ReadProcessMemory or WriteProcessMemory request was completed. (0x12B)
[0318/164850.674:ERROR:process_memory_win.cc(73)] ReadMemory at 0x1efcbfd000 of 12288 bytes failed: Only part of a ReadProcessMemory or WriteProcessMemory request was completed. (0x12B)
[0318/164850.674:ERROR:process_memory_win.cc(73)] ReadMemory at 0x1efd3fd000 of 12288 bytes failed: Only part of a ReadProcessMemory or WriteProcessMemory request was completed. (0x12B)
[0318/164850.674:ERROR:process_memory_win.cc(73)] ReadMemory at 0x1efdbfd000 of 12288 bytes failed: Only part of a ReadProcessMemory or WriteProcessMemory request was completed. (0x12B)
[0318/164850.674:ERROR:process_memory_win.cc(73)] ReadMemory at 0x1ef5a3a000 of 852 bytes failed: Only part of a ReadProcessMemory or WriteProcessMemory request was completed. (0x12B)
[0318/164850.674:ERROR:process_memory_win.cc(73)] ReadMemory at 0x1ef5a3b000 of 6024 bytes failed: Only part of a ReadProcessMemory or WriteProcessMemory request was completed. (0x12B)
[0318/164850.674:ERROR:process_memory_win.cc(73)] ReadMemory at 0x1ef5a3d000 of 6024 bytes failed: Only part of a ReadProcessMemory or WriteProcessMemory request was completed. (0x12B)
[0318/164850.674:ERROR:process_memory_win.cc(73)] ReadMemory at 0x1ef5a3f000 of 6024 bytes failed: Only part of a ReadProcessMemory or WriteProcessMemory request was completed. (0x12B)
[0318/164850.674:ERROR:process_memory_win.cc(73)] ReadMemory at 0x1ef5a41000 of 6024 bytes failed: Only part of a ReadProcessMemory or WriteProcessMemory request was completed. (0x12B)
[0318/164850.674:ERROR:process_memory_win.cc(73)] ReadMemory at 0x1ef5a43000 of 6024 bytes failed: Only part of a ReadProcessMemory or WriteProcessMemory request was completed. (0x12B)
[0318/164850.674:ERROR:process_memory_win.cc(73)] ReadMemory at 0x1ef5a45000 of 6024 bytes failed: Only part of a ReadProcessMemory or WriteProcessMemory request was completed. (0x12B)
[0318/164850.674:ERROR:process_memory_win.cc(73)] ReadMemory at 0x1ef5a47000 of 6024 bytes failed: Only part of a ReadProcessMemory or WriteProcessMemory request was completed. (0x12B)
[0318/164850.674:ERROR:process_memory_win.cc(73)] ReadMemory at 0x1ef5a49000 of 6024 bytes failed: Only part of a ReadProcessMemory or WriteProcessMemory request was completed. (0x12B)
[0318/164850.674:ERROR:process_memory_win.cc(73)] ReadMemory at 0x1ef5a4b000 of 6024 bytes failed: Only part of a ReadProcessMemory or WriteProcessMemory request was completed. (0x12B)
[0318/164850.674:ERROR:process_memory_win.cc(73)] ReadMemory at 0x1ef5a4d000 of 6024 bytes failed: Only part of a ReadProcessMemory or WriteProcessMemory request was completed. (0x12B)
[0318/164850.674:ERROR:process_memory_win.cc(73)] ReadMemory at 0x1ef5a4f000 of 6024 bytes failed: Only part of a ReadProcessMemory or WriteProcessMemory request was completed. (0x12B)
[0318/164850.675:ERROR:process_memory_win.cc(73)] ReadMemory at 0x1ef5a51000 of 6024 bytes failed: Only part of a ReadProcessMemory or WriteProcessMemory request was completed. (0x12B)
[0318/164850.675:ERROR:process_memory_win.cc(73)] ReadMemory at 0x1ef5a53000 of 6024 bytes failed: Only part of a ReadProcessMemory or WriteProcessMemory request was completed. (0x12B)
[0318/164850.675:ERROR:process_memory_win.cc(73)] ReadMemory at 0x1ef5a55000 of 6024 bytes failed: Only part of a ReadProcessMemory or WriteProcessMemory request was completed. (0x12B)
[0318/164850.675:ERROR:process_memory_win.cc(73)] ReadMemory at 0x1ef5a57000 of 6024 bytes failed: Only part of a ReadProcessMemory or WriteProcessMemory request was completed. (0x12B)
[0318/164850.675:ERROR:process_memory_win.cc(73)] ReadMemory at 0x1ef5a59000 of 6024 bytes failed: Only part of a ReadProcessMemory or WriteProcessMemory request was completed. (0x12B)
[0318/164850.675:ERROR:process_memory_win.cc(73)] ReadMemory at 0x1ec65bc0fe0 of 4606 bytes failed: Only part of a ReadProcessMemory or WriteProcessMemory request was completed. (0x12B)
[0318/164850.675:ERROR:process_memory_win.cc(73)] ReadMemory at 0x1ec65bc21f0 of 1012 bytes failed: Only part of a ReadProcessMemory or WriteProcessMemory request was completed. (0x12B)
[0318/164850.675:ERROR:process_memory_win.cc(73)] ReadMemory at 0x1ec65bc2838 of 118 bytes failed: Only part of a ReadProcessMemory or WriteProcessMemory request was completed. (0x12B)
[0318/164850.675:ERROR:process_memory_win.cc(73)] ReadMemory at 0x1ec65bc28b0 of 840 bytes failed: Only part of a ReadProcessMemory or WriteProcessMemory request was completed. (0x12B)
[0318/164850.676:ERROR:process_memory_win.cc(73)] ReadMemory at 0x1ec65bc2bfa of 118 bytes failed: Only part of a ReadProcessMemory or WriteProcessMemory request was completed. (0x12B)
[0318/164850.676:ERROR:process_memory_win.cc(73)] ReadMemory at 0x1ec65bc2c72 of 98 bytes failed: Only part of a ReadProcessMemory or WriteProcessMemory request was completed. (0x12B)
[0318/164850.676:ERROR:process_memory_win.cc(73)] ReadMemory at 0x1ec65bc2ce0 of 58 bytes failed: Only part of a ReadProcessMemory or WriteProcessMemory request was completed. (0x12B)
[0318/164850.676:ERROR:process_memory_win.cc(73)] ReadMemory at 0x1ec65bc2de0 of 132 bytes failed: Only part of a ReadProcessMemory or WriteProcessMemory request was completed. (0x12B)
[0318/164850.676:ERROR:process_memory_win.cc(73)] ReadMemory at 0x1ec65bc2f70 of 132 bytes failed: Only part of a ReadProcessMemory or WriteProcessMemory request was completed. (0x12B)
[0318/164850.676:ERROR:process_memory_win.cc(73)] ReadMemory at 0x1ec65bc3130 of 126 bytes failed: Only part of a ReadProcessMemory or WriteProcessMemory request was completed. (0x12B)
[0318/164850.676:ERROR:process_memory_win.cc(73)] ReadMemory at 0x1ec65bc3510 of 132 bytes failed: Only part of a ReadProcessMemory or WriteProcessMemory request was completed. (0x12B)
[0318/164850.676:ERROR:process_memory_win.cc(73)] ReadMemory at 0x1ec65bc36a0 of 64 bytes failed: Only part of a ReadProcessMemory or WriteProcessMemory request was completed. (0x12B)
[0318/164850.676:ERROR:process_memory_win.cc(73)] ReadMemory at 0x1ec65bc36f0 of 132 bytes failed: Only part of a ReadProcessMemory or WriteProcessMemory request was completed. (0x12B)
[0318/164850.676:ERROR:process_memory_win.cc(73)] ReadMemory at 0x1ec65bc3860 of 132 bytes failed: Only part of a ReadProcessMemory or WriteProcessMemory request was completed. (0x12B)
[0318/164850.676:ERROR:process_memory_win.cc(73)] ReadMemory at 0x1ec65bc3b00 of 132 bytes failed: Only part of a ReadProcessMemory or WriteProcessMemory request was completed. (0x12B)
[0318/164850.676:ERROR:process_memory_win.cc(73)] ReadMemory at 0x1ec65bc3c90 of 68 bytes failed: Only part of a ReadProcessMemory or WriteProcessMemory request was completed. (0x12B)
[0318/164850.676:ERROR:process_memory_win.cc(73)] ReadMemory at 0x1ec65bc4d80 of 132 bytes failed: Only part of a ReadProcessMemory or WriteProcessMemory request was completed. (0x12B)
[0318/164850.676:ERROR:process_memory_win.cc(73)] ReadMemory at 0x1ec65bc4f10 of 154 bytes failed: Only part of a ReadProcessMemory or WriteProcessMemory request was completed. (0x12B)
[0318/164850.676:ERROR:process_memory_win.cc(73)] ReadMemory at 0x1ec65bc5d10 of 62 bytes failed: Only part of a ReadProcessMemory or WriteProcessMemory request was completed. (0x12B)
[0318/164850.676:ERROR:process_memory_win.cc(73)] ReadMemory at 0x1ec65bc5f00 of 132 bytes failed: Only part of a ReadProcessMemory or WriteProcessMemory request was completed. (0x12B)
[0318/164850.677:ERROR:process_memory_win.cc(73)] ReadMemory at 0x1ec65bc6030 of 60 bytes failed: Only part of a ReadProcessMemory or WriteProcessMemory request was completed. (0x12B)
[0318/164850.677:ERROR:process_memory_win.cc(73)] ReadMemory at 0x1ec65bc7480 of 132 bytes failed: Only part of a ReadProcessMemory or WriteProcessMemory request was completed. (0x12B)
[0318/164850.677:ERROR:process_memory_win.cc(73)] ReadMemory at 0x1ec65bc75b0 of 132 bytes failed: Only part of a ReadProcessMemory or WriteProcessMemory request was completed. (0x12B)
[0318/164850.677:ERROR:process_memory_win.cc(73)] ReadMemory at 0x1ec65bc9c10 of 132 bytes failed: Only part of a ReadProcessMemory or WriteProcessMemory request was completed. (0x12B)
[0318/164850.677:ERROR:process_memory_win.cc(73)] ReadMemory at 0x1ec65bc9d40 of 132 bytes failed: Only part of a ReadProcessMemory or WriteProcessMemory request was completed. (0x12B)
[0318/164850.677:ERROR:process_memory_win.cc(73)] ReadMemory at 0x1ec65bc9ed0 of 80 bytes failed: Only part of a ReadProcessMemory or WriteProcessMemory request was completed. (0x12B)
[0318/164850.677:ERROR:process_memory_win.cc(73)] ReadMemory at 0x1ec65bca0c0 of 60 bytes failed: Only part of a ReadProcessMemory or WriteProcessMemory request was completed. (0x12B)
[0318/164850.677:ERROR:process_memory_win.cc(73)] ReadMemory at 0x1ec65bca110 of 64 bytes failed: Only part of a ReadProcessMemory or WriteProcessMemory request was completed. (0x12B)
[0318/164850.677:ERROR:process_memory_win.cc(73)] ReadMemory at 0x1ec65bca160 of 66 bytes failed: Only part of a ReadProcessMemory or WriteProcessMemory request was completed. (0x12B)
[0318/164850.677:ERROR:process_memory_win.cc(73)] ReadMemory at 0x1ec65bca200 of 64 bytes failed: Only part of a ReadProcessMemory or WriteProcessMemory request was completed. (0x12B)
[0318/164850.677:ERROR:process_memory_win.cc(73)] ReadMemory at 0x1ec65bca340 of 64 bytes failed: Only part of a ReadProcessMemory or WriteProcessMemory request was completed. (0x12B)
[0318/164850.677:ERROR:process_memory_win.cc(73)] ReadMemory at 0x1ec65bca4d0 of 62 bytes failed: Only part of a ReadProcessMemory or WriteProcessMemory request was completed. (0x12B)
[0318/164850.677:ERROR:process_memory_win.cc(73)] ReadMemory at 0x1ec65bca610 of 64 bytes failed: Only part of a ReadProcessMemory or WriteProcessMemory request was completed. (0x12B)
[0318/164850.677:ERROR:process_memory_win.cc(73)] ReadMemory at 0x1ec65bca700 of 62 bytes failed: Only part of a ReadProcessMemory or WriteProcessMemory request was completed. (0x12B)
[0318/164850.677:ERROR:process_memory_win.cc(73)] ReadMemory at 0x1ec65bca750 of 60 bytes failed: Only part of a ReadProcessMemory or WriteProcessMemory request was completed. (0x12B)
[0318/164850.677:ERROR:process_memory_win.cc(73)] ReadMemory at 0x1ec65bcac80 of 132 bytes failed: Only part of a ReadProcessMemory or WriteProcessMemory request was completed. (0x12B)
[0318/164850.678:ERROR:process_memory_win.cc(73)] ReadMemory at 0x1ec65bcadb0 of 132 bytes failed: Only part of a ReadProcessMemory or WriteProcessMemory request was completed. (0x12B)
[0318/164850.678:ERROR:process_memory_win.cc(73)] ReadMemory at 0x1ec65bcaee0 of 132 bytes failed: Only part of a ReadProcessMemory or WriteProcessMemory request was completed. (0x12B)
[0318/164850.678:ERROR:process_memory_win.cc(73)] ReadMemory at 0x1ec65bcb010 of 132 bytes failed: Only part of a ReadProcessMemory or WriteProcessMemory request was completed. (0x12B)
[0318/164850.678:ERROR:process_memory_win.cc(73)] ReadMemory at 0x1ec65bcb270 of 132 bytes failed: Only part of a ReadProcessMemory or WriteProcessMemory request was completed. (0x12B)
[0318/164850.678:ERROR:process_memory_win.cc(73)] ReadMemory at 0x1ec65bcb3a0 of 132 bytes failed: Only part of a ReadProcessMemory or WriteProcessMemory request was completed. (0x12B)
[0318/164850.678:ERROR:process_memory_win.cc(73)] ReadMemory at 0x1ec65bcb4d0 of 132 bytes failed: Only part of a ReadProcessMemory or WriteProcessMemory request was completed. (0x12B)
[0318/164850.678:ERROR:process_memory_win.cc(73)] ReadMemory at 0x1ec65bcb600 of 132 bytes failed: Only part of a ReadProcessMemory or WriteProcessMemory request was completed. (0x12B)
[0318/164850.678:ERROR:process_memory_win.cc(73)] ReadMemory at 0x1ec65bcb730 of 132 bytes failed: Only part of a ReadProcessMemory or WriteProcessMemory request was completed. (0x12B)
[0318/164850.678:ERROR:process_memory_win.cc(73)] ReadMemory at 0x1ec65bcb860 of 132 bytes failed: Only part of a ReadProcessMemory or WriteProcessMemory request was completed. (0x12B)
[0318/164850.678:ERROR:process_memory_win.cc(73)] ReadMemory at 0x1ec65bcb990 of 132 bytes failed: Only part of a ReadProcessMemory or WriteProcessMemory request was completed. (0x12B)
[0318/164850.678:ERROR:process_memory_win.cc(73)] ReadMemory at 0x1ec65bcbac0 of 132 bytes failed: Only part of a ReadProcessMemory or WriteProcessMemory request was completed. (0x12B)
[0318/164850.678:ERROR:process_memory_win.cc(73)] ReadMemory at 0x1ec65bcbe10 of 76 bytes failed: Only part of a ReadProcessMemory or WriteProcessMemory request was completed. (0x12B)
[0318/164850.678:ERROR:process_memory_win.cc(73)] ReadMemory at 0x1ec65bcca10 of 80 bytes failed: Only part of a ReadProcessMemory or WriteProcessMemory request was completed. (0x12B)
[0318/164850.678:ERROR:process_memory_win.cc(73)] ReadMemory at 0x1ec65bcd9c0 of 146 bytes failed: Only part of a ReadProcessMemory or WriteProcessMemory request was completed. (0x12B)
[0318/164850.678:ERROR:process_memory_win.cc(73)] ReadMemory at 0x1ec65bcdaa0 of 132 bytes failed: Only part of a ReadProcessMemory or WriteProcessMemory request was completed. (0x12B)
[0318/164850.678:ERROR:process_memory_win.cc(73)] ReadMemory at 0x1ec65bce4a0 of 132 bytes failed: Only part of a ReadProcessMemory or WriteProcessMemory request was completed. (0x12B)
[0318/164850.679:ERROR:process_memory_win.cc(73)] ReadMemory at 0x1ec65bce6c0 of 132 bytes failed: Only part of a ReadProcessMemory or WriteProcessMemory request was completed. (0x12B)
[0318/164850.679:ERROR:process_memory_win.cc(73)] ReadMemory at 0x1ec65bcf1a0 of 54 bytes failed: Only part of a ReadProcessMemory or WriteProcessMemory request was completed. (0x12B)
[0318/164850.679:ERROR:process_memory_win.cc(73)] ReadMemory at 0x1ec65bd37a0 of 132 bytes failed: Only part of a ReadProcessMemory or WriteProcessMemory request was completed. (0x12B)
[0318/164850.679:ERROR:process_memory_win.cc(73)] ReadMemory at 0x1ec65bd39b0 of 132 bytes failed: Only part of a ReadProcessMemory or WriteProcessMemory request was completed. (0x12B)
[0318/164850.679:ERROR:process_memory_win.cc(73)] ReadMemory at 0x1ec65bd4b50 of 64 bytes failed: Only part of a ReadProcessMemory or WriteProcessMemory request was completed. (0x12B)
[0318/164850.679:ERROR:process_memory_win.cc(73)] ReadMemory at 0x1ec65bd4ba0 of 62 bytes failed: Only part of a ReadProcessMemory or WriteProcessMemory request was completed. (0x12B)
[0318/164850.679:ERROR:process_memory_win.cc(73)] ReadMemory at 0x1ec65bd4bf0 of 60 bytes failed: Only part of a ReadProcessMemory or WriteProcessMemory request was completed. (0x12B)
[0318/164850.679:ERROR:process_memory_win.cc(73)] ReadMemory at 0x1ec65bd4ce0 of 64 bytes failed: Only part of a ReadProcessMemory or WriteProcessMemory request was completed. (0x12B)
[0318/164850.679:ERROR:process_memory_win.cc(73)] ReadMemory at 0x1ec65bd4ec0 of 62 bytes failed: Only part of a ReadProcessMemory or WriteProcessMemory request was completed. (0x12B)
[0318/164850.679:ERROR:process_memory_win.cc(73)] ReadMemory at 0x1ec65bd4f60 of 60 bytes failed: Only part of a ReadProcessMemory or WriteProcessMemory request was completed. (0x12B)
[0318/164850.679:ERROR:process_memory_win.cc(73)] ReadMemory at 0x1ec65bd5000 of 62 bytes failed: Only part of a ReadProcessMemory or WriteProcessMemory request was completed. (0x12B)
[0318/164850.679:ERROR:process_memory_win.cc(73)] ReadMemory at 0x1ec65bd5050 of 62 bytes failed: Only part of a ReadProcessMemory or WriteProcessMemory request was completed. (0x12B)
[0318/164850.679:ERROR:process_memory_win.cc(73)] ReadMemory at 0x1ec65bd50a0 of 62 bytes failed: Only part of a ReadProcessMemory or WriteProcessMemory request was completed. (0x12B)
[0318/164850.679:ERROR:process_memory_win.cc(73)] ReadMemory at 0x1ec65bd5320 of 64 bytes failed: Only part of a ReadProcessMemory or WriteProcessMemory request was completed. (0x12B)
[0318/164850.679:ERROR:process_memory_win.cc(73)] ReadMemory at 0x1ec65bd5370 of 58 bytes failed: Only part of a ReadProcessMemory or WriteProcessMemory request was completed. (0x12B)
[0318/164850.680:ERROR:process_memory_win.cc(73)] ReadMemory at 0x1ec65bd5410 of 62 bytes failed: Only part of a ReadProcessMemory or WriteProcessMemory request was completed. (0x12B)
[0318/164850.680:ERROR:process_memory_win.cc(73)] ReadMemory at 0x1ec65bd54b0 of 62 bytes failed: Only part of a ReadProcessMemory or WriteProcessMemory request was completed. (0x12B)
[0318/164850.680:ERROR:process_memory_win.cc(73)] ReadMemory at 0x1ec65bd58c0 of 62 bytes failed: Only part of a ReadProcessMemory or WriteProcessMemory request was completed. (0x12B)
[0318/164850.680:ERROR:process_memory_win.cc(73)] ReadMemory at 0x1ec65bd5910 of 64 bytes failed: Only part of a ReadProcessMemory or WriteProcessMemory request was completed. (0x12B)
[0318/164850.680:ERROR:process_memory_win.cc(73)] ReadMemory at 0x1ec65bd5960 of 60 bytes failed: Only part of a ReadProcessMemory or WriteProcessMemory request was completed. (0x12B)
[0318/164850.680:ERROR:process_memory_win.cc(73)] ReadMemory at 0x1ec65bd5a00 of 66 bytes failed: Only part of a ReadProcessMemory or WriteProcessMemory request was completed. (0x12B)
[0318/164850.680:ERROR:process_memory_win.cc(73)] ReadMemory at 0x1ec65bd5a50 of 60 bytes failed: Only part of a ReadProcessMemory or WriteProcessMemory request was completed. (0x12B)
[0318/164850.680:ERROR:process_memory_win.cc(73)] ReadMemory at 0x1ec65bd6520 of 132 bytes failed: Only part of a ReadProcessMemory or WriteProcessMemory request was completed. (0x12B)
[0318/164850.680:ERROR:process_memory_win.cc(73)] ReadMemory at 0x1ec65bd6650 of 132 bytes failed: Only part of a ReadProcessMemory or WriteProcessMemory request was completed. (0x12B)
[0318/164850.681:ERROR:process_memory_win.cc(73)] ReadMemory at 0x1ec65bd68b0 of 132 bytes failed: Only part of a ReadProcessMemory or WriteProcessMemory request was completed. (0x12B)
[0318/164850.681:ERROR:process_memory_win.cc(73)] ReadMemory at 0x1ec65bd6fd0 of 132 bytes failed: Only part of a ReadProcessMemory or WriteProcessMemory request was completed. (0x12B)
[0318/164850.681:ERROR:process_memory_win.cc(73)] ReadMemory at 0x1ec65bd7360 of 132 bytes failed: Only part of a ReadProcessMemory or WriteProcessMemory request was completed. (0x12B)
[0318/164850.681:ERROR:process_memory_win.cc(73)] ReadMemory at 0x1ec65bd76f0 of 132 bytes failed: Only part of a ReadProcessMemory or WriteProcessMemory request was completed. (0x12B)
[0318/164850.681:ERROR:process_memory_win.cc(73)] ReadMemory at 0x1ec65bd7820 of 132 bytes failed: Only part of a ReadProcessMemory or WriteProcessMemory request was completed. (0x12B)
[0318/164850.681:ERROR:process_memory_win.cc(73)] ReadMemory at 0x1ec65bd7e10 of 132 bytes failed: Only part of a ReadProcessMemory or WriteProcessMemory request was completed. (0x12B)
[0318/164850.681:ERROR:process_memory_win.cc(73)] ReadMemory at 0x1ec65bd7f40 of 132 bytes failed: Only part of a ReadProcessMemory or WriteProcessMemory request was completed. (0x12B)
[0318/164850.681:ERROR:process_memory_win.cc(73)] ReadMemory at 0x1ec65bd8070 of 132 bytes failed: Only part of a ReadProcessMemory or WriteProcessMemory request was completed. (0x12B)
[0318/164850.681:ERROR:process_memory_win.cc(73)] ReadMemory at 0x1ec65becb30 of 512 bytes failed: Only part of a ReadProcessMemory or WriteProcessMemory request was completed. (0x12B)
[0318/164850.681:ERROR:process_memory_win.cc(73)] ReadMemory at 0x1ec65bed8c0 of 512 bytes failed: Only part of a ReadProcessMemory or WriteProcessMemory request was completed. (0x12B)
[0318/164850.681:ERROR:process_memory_win.cc(73)] ReadMemory at 0x1ec65e30e80 of 512 bytes failed: Only part of a ReadProcessMemory or WriteProcessMemory request was completed. (0x12B)
[0318/164850.681:ERROR:process_memory_win.cc(73)] ReadMemory at 0x1ec65e32440 of 512 bytes failed: Only part of a ReadProcessMemory or WriteProcessMemory request was completed. (0x12B)
[0318/164850.682:ERROR:process_memory_win.cc(73)] ReadMemory at 0x1ec65ec32a0 of 512 bytes failed: Only part of a ReadProcessMemory or WriteProcessMemory request was completed. (0x12B)
[0318/164850.682:ERROR:process_memory_win.cc(73)] ReadMemory at 0x1ec65ec3540 of 512 bytes failed: Only part of a ReadProcessMemory or WriteProcessMemory request was completed. (0x12B)
[0318/164850.682:ERROR:process_memory_win.cc(73)] ReadMemory at 0x1ec65ec4b10 of 512 bytes failed: Only part of a ReadProcessMemory or WriteProcessMemory request was completed. (0x12B)
[0318/164850.682:ERROR:process_memory_win.cc(73)] ReadMemory at 0x1ec65ecb968 of 944 bytes failed: Only part of a ReadProcessMemory or WriteProcessMemory request was completed. (0x12B)
[0318/164850.682:ERROR:process_memory_win.cc(73)] ReadMemory at 0x1ec65ecbd58 of 800 bytes failed: Only part of a ReadProcessMemory or WriteProcessMemory request was completed. (0x12B)
[0318/164850.682:ERROR:process_memory_win.cc(73)] ReadMemory at 0x1ec65eec530 of 712 bytes failed: Only part of a ReadProcessMemory or WriteProcessMemory request was completed. (0x12B)
[0318/164850.682:ERROR:process_memory_win.cc(73)] ReadMemory at 0x1ec65eef0a0 of 512 bytes failed: Only part of a ReadProcessMemory or WriteProcessMemory request was completed. (0x12B)
[0318/164850.682:ERROR:process_memory_win.cc(73)] ReadMemory at 0x1ec65f04340 of 512 bytes failed: Only part of a ReadProcessMemory or WriteProcessMemory request was completed. (0x12B)
[0318/164850.682:ERROR:process_memory_win.cc(73)] ReadMemory at 0x1ec67d965c0 of 512 bytes failed: Only part of a ReadProcessMemory or WriteProcessMemory request was completed. (0x12B)
[0318/164850.682:ERROR:process_memory_win.cc(73)] ReadMemory at 0x1ec67dc8f50 of 512 bytes failed: Only part of a ReadProcessMemory or WriteProcessMemory request was completed. (0x12B)
[0318/164850.682:ERROR:process_memory_win.cc(73)] ReadMemory at 0x1ec67dcef50 of 512 bytes failed: Only part of a ReadProcessMemory or WriteProcessMemory request was completed. (0x12B)
[0318/164850.683:ERROR:process_memory_win.cc(73)] ReadMemory at 0x1ec67de7890 of 776 bytes failed: Only part of a ReadProcessMemory or WriteProcessMemory request was completed. (0x12B)
[0318/164850.683:ERROR:process_memory_win.cc(73)] ReadMemory at 0x1ec67e9b500 of 512 bytes failed: Only part of a ReadProcessMemory or WriteProcessMemory request was completed. (0x12B)
[0318/164850.683:ERROR:process_memory_win.cc(73)] ReadMemory at 0x50ca8908adc8 of 512 bytes failed: Only part of a ReadProcessMemory or WriteProcessMemory request was completed. (0x12B)
[0318/164850.683:ERROR:process_memory_win.cc(73)] ReadMemory at 0x678f7c40bf98 of 512 bytes failed: Only part of a ReadProcessMemory or WriteProcessMemory request was completed. (0x12B)
[0318/164850.683:ERROR:process_memory_win.cc(73)] ReadMemory at 0x7a9100000000 of 384 bytes failed: Only part of a ReadProcessMemory or WriteProcessMemory request was completed. (0x12B)
[0318/164850.683:ERROR:process_memory_win.cc(73)] ReadMemory at 0x7ff8781e026c of 512 bytes failed: Only part of a ReadProcessMemory or WriteProcessMemory request was completed. (0x12B)
[0318/164850.683:ERROR:process_memory_win.cc(73)] ReadMemory at 0x7ff87d1d74a0 of 512 bytes failed: Only part of a ReadProcessMemory or WriteProcessMemory request was completed. (0x12B)
[0318/164850.683:ERROR:process_memory_win.cc(73)] ReadMemory at 0x7ff8dedfa7b9 of 512 bytes failed: Only part of a ReadProcessMemory or WriteProcessMemory request was completed. (0x12B)
[0318/164850.683:ERROR:process_memory_win.cc(73)] ReadMemory at 0x7ff8df02b6d0 of 512 bytes failed: Only part of a ReadProcessMemory or WriteProcessMemory request was completed. (0x12B)
[0318/164850.683:ERROR:process_memory_win.cc(73)] ReadMemory at 0x7ff8e117c0c4 of 672 bytes failed: Only part of a ReadProcessMemory or WriteProcessMemory request was completed. (0x12B)
[0318/164850.683:ERROR:process_memory_win.cc(73)] ReadMemory at 0x7ff8e117c6c4 of 512 bytes failed: Only part of a ReadProcessMemory or WriteProcessMemory request was completed. (0x12B)
[0318/164850.683:ERROR:process_memory_win.cc(73)] ReadMemory at 0x7ff8e117f974 of 608 bytes failed: Only part of a ReadProcessMemory or WriteProcessMemory request was completed. (0x12B)
[0318/164850.683:ERROR:process_memory_win.cc(73)] ReadMemory at 0x7ff8e120c428 of 18 bytes failed: Only part of a ReadProcessMemory or WriteProcessMemory request was completed. (0x12B)
[0318/164850.684:ERROR:process_memory_win.cc(73)] ReadMemory at 0x7ff8e123f4f8 of 40 bytes failed: Only part of a ReadProcessMemory or WriteProcessMemory request was completed. (0x12B)
[0318/164850.684:ERROR:process_memory_win.cc(73)] ReadMemory at 0x7ff8e123f978 of 48 bytes failed: Only part of a ReadProcessMemory or WriteProcessMemory request was completed. (0x12B)
[0318/164850.684:ERROR:process_memory_win.cc(73)] ReadMemory at 0x7ff8e12453c0 of 64 bytes failed: Only part of a ReadProcessMemory or WriteProcessMemory request was completed. (0x12B)
[0318/164850.690:ERROR:scoped_process_suspend.cc(40)] NtResumeProcess: An attempt was made to access an exiting process. (0xc000010a)
[0330/141453.656:ERROR:process_info.cc(359)] UncheckedAllocate
[0330/141506.000:ERROR:process_info.cc(359)] UncheckedAllocate
[0330/141508.348:ERROR:process_info.cc(359)] UncheckedAllocate
